<?xml version="1.0" encoding="UTF-8"?>
<!-- Generated by org.testng.reporters.JUnitReportReporter -->
<testsuite hostname="DESKTOP-8JADTUD" failures="0" tests="2" name="com.bjs.TestngDemo.TestDemo" time="0.021" errors="0" timestamp="2023-10-19T11:56:02 GMT+05:30" skipped="0">
  <testcase classname="com.bjs.TestngDemo.TestDemo" name="firstMethod" time="0.016"/>
  <testcase classname="com.bjs.TestngDemo.TestDemo" name="secondMethod" time="0.005"/>
</testsuite> <!-- com.bjs.TestngDemo.TestDemo -->
